Thu, 08 Nov 2018 14:10:59 log.py[line:228] WARNING Forbidden (Permission denied): /contracts/edit/23/
Traceback (most recent call last):
  File "C:\Users\Minko\AppData\Roaming\Python\Python36\site-packages\django\core\handlers\exception.py", line 34, in inner
    response = get_response(request)
  File "C:\Users\Minko\AppData\Roaming\Python\Python36\site-packages\django\core\handlers\base.py", line 126, in _get_response
    response = self.process_exception_by_middleware(e, request)
  File "C:\Users\Minko\AppData\Roaming\Python\Python36\site-packages\django\core\handlers\base.py", line 124, in _get_response
    response = wrapped_callback(request, *callback_args, **callback_kwargs)
  File "C:\Users\Minko\AppData\Roaming\Python\Python36\site-packages\django\contrib\auth\decorators.py", line 21, in _wrapped_view
    return view_func(request, *args, **kwargs)
  File "D:\Coding\ContractCMS\account\permission_decortor.py", line 9, in wrapper
    raise PermissionDenied
django.core.exceptions.PermissionDenied
Thu, 08 Nov 2018 14:10:59 log.py[line:228] WARNING Not Found: /favicon.ico
Thu, 08 Nov 2018 14:11:10 views.py[line:45] INFO lee0709 | payment_add | amount=321 | id=14
Thu, 08 Nov 2018 15:39:25 log.py[line:228] WARNING Forbidden (Permission denied): /contracts/add/23/
Traceback (most recent call last):
  File "C:\Users\Minko\AppData\Roaming\Python\Python36\site-packages\django\core\handlers\exception.py", line 34, in inner
    response = get_response(request)
  File "C:\Users\Minko\AppData\Roaming\Python\Python36\site-packages\django\core\handlers\base.py", line 126, in _get_response
    response = self.process_exception_by_middleware(e, request)
  File "C:\Users\Minko\AppData\Roaming\Python\Python36\site-packages\django\core\handlers\base.py", line 124, in _get_response
    response = wrapped_callback(request, *callback_args, **callback_kwargs)
  File "C:\Users\Minko\AppData\Roaming\Python\Python36\site-packages\django\contrib\auth\decorators.py", line 21, in _wrapped_view
    return view_func(request, *args, **kwargs)
  File "D:\Coding\ContractCMS\account\permission_decortor.py", line 9, in wrapper
    raise PermissionDenied
django.core.exceptions.PermissionDenied
Thu, 08 Nov 2018 15:43:39 views.py[line:123] INFO lee0709 | contract_edit | name=补充合同测试 | id=25
Thu, 08 Nov 2018 15:44:06 views.py[line:123] INFO lee0709 | contract_edit | name=补充合同测试 | id=25
Thu, 08 Nov 2018 15:44:22 views.py[line:123] INFO lee0709 | contract_edit | name=中收养老合同 | id=27
Thu, 08 Nov 2018 15:44:43 views.py[line:89] INFO lee0709 | contract_add | name=321321321 | id=32
Thu, 08 Nov 2018 15:44:52 views.py[line:123] INFO lee0709 | contract_edit | name=321321321 | id=32
Fri, 09 Nov 2018 13:37:29 views.py[line:123] INFO lee0709 | contract_edit | name=测试合同3 | id=24
Fri, 09 Nov 2018 13:37:47 views.py[line:45] INFO lee0709 | payment_add | amount=3020 | id=15
Mon, 12 Nov 2018 11:35:49 log.py[line:228] WARNING Not Found: /static/css/foundation/foundation.min.css
Mon, 12 Nov 2018 11:35:49 log.py[line:228] WARNING Not Found: /static/css/foundation/foundation-icons.css
Mon, 12 Nov 2018 11:35:49 log.py[line:228] WARNING Not Found: /static/js/foundation/jquery.min.js
Mon, 12 Nov 2018 11:35:49 log.py[line:228] WARNING Not Found: /static/css/base/base.css
Mon, 12 Nov 2018 11:35:49 log.py[line:228] WARNING Not Found: /static/js/foundation/foundation.min.js
Mon, 12 Nov 2018 11:35:49 log.py[line:228] WARNING Not Found: /static/js/foundation/what-input.js
Mon, 12 Nov 2018 11:35:49 log.py[line:228] WARNING Not Found: /static/js/base/base.js
Mon, 12 Nov 2018 11:35:49 log.py[line:228] WARNING Not Found: /static/js/foundation/jquery.min.js
Mon, 12 Nov 2018 11:35:49 log.py[line:228] WARNING Not Found: /static/js/foundation/foundation.min.js
Mon, 12 Nov 2018 11:35:49 log.py[line:228] WARNING Not Found: /static/js/foundation/what-input.js
Mon, 12 Nov 2018 11:35:49 log.py[line:228] WARNING Not Found: /static/js/base/base.js
Mon, 12 Nov 2018 11:35:52 log.py[line:228] WARNING Not Found: /static/css/foundation/foundation.min.css
Mon, 12 Nov 2018 11:35:52 log.py[line:228] WARNING Not Found: /static/css/foundation/foundation-icons.css
Mon, 12 Nov 2018 11:35:52 log.py[line:228] WARNING Not Found: /static/css/base/base.css
Mon, 12 Nov 2018 11:35:52 log.py[line:228] WARNING Not Found: /static/js/foundation/jquery.min.js
Mon, 12 Nov 2018 11:35:52 log.py[line:228] WARNING Not Found: /static/js/foundation/foundation.min.js
Mon, 12 Nov 2018 11:35:52 log.py[line:228] WARNING Not Found: /static/js/foundation/what-input.js
Mon, 12 Nov 2018 11:35:52 log.py[line:228] WARNING Not Found: /static/js/base/base.js
Mon, 12 Nov 2018 11:35:52 log.py[line:228] WARNING Not Found: /static/js/foundation/jquery.min.js
Mon, 12 Nov 2018 11:35:52 log.py[line:228] WARNING Not Found: /static/js/foundation/foundation.min.js
Mon, 12 Nov 2018 11:35:52 log.py[line:228] WARNING Not Found: /static/js/foundation/what-input.js
Mon, 12 Nov 2018 11:35:52 log.py[line:228] WARNING Not Found: /static/js/base/base.js
Mon, 12 Nov 2018 11:36:07 log.py[line:228] WARNING Not Found: /static/css/foundation/foundation.min.css
Mon, 12 Nov 2018 11:36:07 log.py[line:228] WARNING Not Found: /static/css/foundation/foundation-icons.css
Mon, 12 Nov 2018 11:36:07 log.py[line:228] WARNING Not Found: /static/css/base/base.css
Mon, 12 Nov 2018 11:36:07 log.py[line:228] WARNING Not Found: /static/js/foundation/jquery.min.js
Mon, 12 Nov 2018 11:36:07 log.py[line:228] WARNING Not Found: /static/js/foundation/foundation.min.js
Mon, 12 Nov 2018 11:36:07 log.py[line:228] WARNING Not Found: /static/js/foundation/what-input.js
Mon, 12 Nov 2018 11:36:07 log.py[line:228] WARNING Not Found: /static/js/base/base.js
Mon, 12 Nov 2018 11:36:08 log.py[line:228] WARNING Not Found: /static/js/foundation/jquery.min.js
Mon, 12 Nov 2018 11:36:08 log.py[line:228] WARNING Not Found: /static/js/foundation/foundation.min.js
Mon, 12 Nov 2018 11:36:08 log.py[line:228] WARNING Not Found: /static/js/foundation/what-input.js
Mon, 12 Nov 2018 11:36:08 log.py[line:228] WARNING Not Found: /static/js/base/base.js
Mon, 12 Nov 2018 11:36:09 log.py[line:228] WARNING Not Found: /static/css/foundation/foundation.min.css
Mon, 12 Nov 2018 11:36:09 log.py[line:228] WARNING Not Found: /static/css/foundation/foundation-icons.css
Mon, 12 Nov 2018 11:36:09 log.py[line:228] WARNING Not Found: /static/css/base/base.css
Mon, 12 Nov 2018 11:36:09 log.py[line:228] WARNING Not Found: /static/js/foundation/jquery.min.js
Mon, 12 Nov 2018 11:36:09 log.py[line:228] WARNING Not Found: /static/js/foundation/foundation.min.js
Mon, 12 Nov 2018 11:36:09 log.py[line:228] WARNING Not Found: /static/js/foundation/what-input.js
Mon, 12 Nov 2018 11:36:09 log.py[line:228] WARNING Not Found: /static/js/base/base.js
Mon, 12 Nov 2018 11:36:09 log.py[line:228] WARNING Not Found: /static/js/foundation/jquery.min.js
Mon, 12 Nov 2018 11:36:09 log.py[line:228] WARNING Not Found: /static/js/foundation/foundation.min.js
Mon, 12 Nov 2018 11:36:09 log.py[line:228] WARNING Not Found: /static/js/foundation/what-input.js
Mon, 12 Nov 2018 11:36:09 log.py[line:228] WARNING Not Found: /static/js/base/base.js
Mon, 12 Nov 2018 11:36:20 log.py[line:228] WARNING Not Found: /static/css/foundation/foundation.min.css
Mon, 12 Nov 2018 11:36:20 log.py[line:228] WARNING Not Found: /static/css/foundation/foundation-icons.css
Mon, 12 Nov 2018 11:36:20 log.py[line:228] WARNING Not Found: /static/css/base/base.css
Mon, 12 Nov 2018 11:36:34 log.py[line:228] WARNING Not Found: /static/css/foundation/foundation.min.css
Mon, 12 Nov 2018 11:36:34 log.py[line:228] WARNING Not Found: /static/css/foundation/foundation-icons.css
Mon, 12 Nov 2018 11:36:34 log.py[line:228] WARNING Not Found: /static/css/base/base.css
Mon, 12 Nov 2018 11:36:34 log.py[line:228] WARNING Not Found: /static/js/foundation/jquery.min.js
Mon, 12 Nov 2018 11:36:34 log.py[line:228] WARNING Not Found: /static/js/foundation/foundation.min.js
Mon, 12 Nov 2018 11:36:34 log.py[line:228] WARNING Not Found: /static/js/foundation/what-input.js
Mon, 12 Nov 2018 11:36:34 log.py[line:228] WARNING Not Found: /static/js/base/base.js
Mon, 12 Nov 2018 11:36:35 log.py[line:228] WARNING Not Found: /static/js/foundation/jquery.min.js
Mon, 12 Nov 2018 11:36:35 log.py[line:228] WARNING Not Found: /static/js/foundation/foundation.min.js
Mon, 12 Nov 2018 11:36:35 log.py[line:228] WARNING Not Found: /static/js/foundation/what-input.js
Mon, 12 Nov 2018 11:36:35 log.py[line:228] WARNING Not Found: /static/js/base/base.js
Mon, 12 Nov 2018 11:36:56 log.py[line:228] WARNING Not Found: /static/css/foundation/foundation.min.css
Mon, 12 Nov 2018 11:36:56 log.py[line:228] WARNING Not Found: /static/css/foundation/foundation-icons.css
Mon, 12 Nov 2018 11:36:56 log.py[line:228] WARNING Not Found: /static/css/base/base.css
Mon, 12 Nov 2018 11:36:56 log.py[line:228] WARNING Not Found: /static/js/foundation/jquery.min.js
Mon, 12 Nov 2018 11:36:56 log.py[line:228] WARNING Not Found: /static/js/foundation/foundation.min.js
Mon, 12 Nov 2018 11:36:56 log.py[line:228] WARNING Not Found: /static/js/foundation/what-input.js
Mon, 12 Nov 2018 11:36:56 log.py[line:228] WARNING Not Found: /static/js/base/base.js
Mon, 12 Nov 2018 11:36:56 log.py[line:228] WARNING Not Found: /static/js/foundation/jquery.min.js
Mon, 12 Nov 2018 11:36:56 log.py[line:228] WARNING Not Found: /static/js/foundation/foundation.min.js
Mon, 12 Nov 2018 11:36:56 log.py[line:228] WARNING Not Found: /static/js/foundation/what-input.js
Mon, 12 Nov 2018 11:36:56 log.py[line:228] WARNING Not Found: /static/js/base/base.js
Mon, 12 Nov 2018 11:36:57 log.py[line:228] WARNING Not Found: /static/css/foundation/foundation.min.css
Mon, 12 Nov 2018 11:36:57 log.py[line:228] WARNING Not Found: /static/css/foundation/foundation-icons.css
Mon, 12 Nov 2018 11:36:57 log.py[line:228] WARNING Not Found: /static/css/base/base.css
Mon, 12 Nov 2018 11:36:57 log.py[line:228] WARNING Not Found: /static/js/foundation/jquery.min.js
Mon, 12 Nov 2018 11:36:57 log.py[line:228] WARNING Not Found: /static/js/foundation/foundation.min.js
Mon, 12 Nov 2018 11:36:57 log.py[line:228] WARNING Not Found: /static/js/foundation/what-input.js
Mon, 12 Nov 2018 11:36:57 log.py[line:228] WARNING Not Found: /static/js/base/base.js
Mon, 12 Nov 2018 11:36:58 log.py[line:228] WARNING Not Found: /static/js/foundation/jquery.min.js
Mon, 12 Nov 2018 11:36:58 log.py[line:228] WARNING Not Found: /static/js/foundation/foundation.min.js
Mon, 12 Nov 2018 11:36:58 log.py[line:228] WARNING Not Found: /static/js/foundation/what-input.js
Mon, 12 Nov 2018 11:36:58 log.py[line:228] WARNING Not Found: /static/js/base/base.js
Mon, 12 Nov 2018 11:38:13 log.py[line:228] WARNING Not Found: /static/css/foundation/foundation.min.css
Mon, 12 Nov 2018 11:38:13 log.py[line:228] WARNING Not Found: /static/css/fontawesome/font-awesome.min.css
Mon, 12 Nov 2018 11:38:13 log.py[line:228] WARNING Not Found: /static/js/foundation/jquery.min.js
Mon, 12 Nov 2018 11:38:13 log.py[line:228] WARNING Not Found: /static/css/foundation/foundation-icons.css
Mon, 12 Nov 2018 11:38:13 log.py[line:228] WARNING Not Found: /static/css/base/base.css
Mon, 12 Nov 2018 11:38:13 log.py[line:228] WARNING Not Found: /static/js/foundation/what-input.js
Mon, 12 Nov 2018 11:38:13 log.py[line:228] WARNING Not Found: /static/js/foundation/foundation.min.js
Mon, 12 Nov 2018 11:38:13 log.py[line:228] WARNING Not Found: /static/js/base/base.js
Mon, 12 Nov 2018 11:38:13 log.py[line:228] WARNING Not Found: /static/js/foundation/jquery.min.js
Mon, 12 Nov 2018 11:38:13 log.py[line:228] WARNING Not Found: /static/js/foundation/foundation.min.js
Mon, 12 Nov 2018 11:38:13 log.py[line:228] WARNING Not Found: /static/js/foundation/what-input.js
Mon, 12 Nov 2018 11:38:13 log.py[line:228] WARNING Not Found: /static/js/base/base.js
Mon, 12 Nov 2018 11:38:13 log.py[line:228] WARNING Not Found: /static/favicon.ico
Mon, 12 Nov 2018 11:38:44 log.py[line:228] WARNING Not Found: /static/css/foundation/foundation.min.css
Mon, 12 Nov 2018 11:38:44 log.py[line:228] WARNING Not Found: /static/css/foundation/foundation-icons.css
Mon, 12 Nov 2018 11:38:44 log.py[line:228] WARNING Not Found: /static/css/fontawesome/font-awesome.min.css
Mon, 12 Nov 2018 11:38:44 log.py[line:228] WARNING Not Found: /static/css/base/base.css
Mon, 12 Nov 2018 11:38:44 log.py[line:228] WARNING Not Found: /static/js/foundation/jquery.min.js
Mon, 12 Nov 2018 11:38:44 log.py[line:228] WARNING Not Found: /static/js/foundation/foundation.min.js
Mon, 12 Nov 2018 11:38:44 log.py[line:228] WARNING Not Found: /static/js/foundation/what-input.js
Mon, 12 Nov 2018 11:38:44 log.py[line:228] WARNING Not Found: /static/js/base/base.js
Mon, 12 Nov 2018 11:38:44 log.py[line:228] WARNING Not Found: /static/js/foundation/jquery.min.js
Mon, 12 Nov 2018 11:38:44 log.py[line:228] WARNING Not Found: /static/js/foundation/foundation.min.js
Mon, 12 Nov 2018 11:38:44 log.py[line:228] WARNING Not Found: /static/js/foundation/what-input.js
Mon, 12 Nov 2018 11:38:44 log.py[line:228] WARNING Not Found: /static/js/base/base.js
Mon, 12 Nov 2018 11:38:47 log.py[line:228] WARNING Not Found: /static/css/foundation/foundation.min.css
Mon, 12 Nov 2018 11:38:47 log.py[line:228] WARNING Not Found: /static/css/foundation/foundation-icons.css
Mon, 12 Nov 2018 11:38:47 log.py[line:228] WARNING Not Found: /static/css/fontawesome/font-awesome.min.css
Mon, 12 Nov 2018 11:38:47 log.py[line:228] WARNING Not Found: /static/css/base/base.css
Mon, 12 Nov 2018 11:38:47 log.py[line:228] WARNING Not Found: /static/js/foundation/jquery.min.js
Mon, 12 Nov 2018 11:38:47 log.py[line:228] WARNING Not Found: /static/js/foundation/foundation.min.js
Mon, 12 Nov 2018 11:38:47 log.py[line:228] WARNING Not Found: /static/js/base/base.js
Mon, 12 Nov 2018 11:38:47 log.py[line:228] WARNING Not Found: /static/js/foundation/what-input.js
Mon, 12 Nov 2018 11:38:47 log.py[line:228] WARNING Not Found: /static/js/foundation/jquery.min.js
Mon, 12 Nov 2018 11:38:47 log.py[line:228] WARNING Not Found: /static/js/foundation/foundation.min.js
Mon, 12 Nov 2018 11:38:47 log.py[line:228] WARNING Not Found: /static/js/foundation/what-input.js
Mon, 12 Nov 2018 11:38:47 log.py[line:228] WARNING Not Found: /static/js/base/base.js
Mon, 12 Nov 2018 11:38:49 log.py[line:228] WARNING Not Found: /static/css/foundation/foundation.min.css
Mon, 12 Nov 2018 11:38:49 log.py[line:228] WARNING Not Found: /static/css/foundation/foundation-icons.css
Mon, 12 Nov 2018 11:38:49 log.py[line:228] WARNING Not Found: /static/css/fontawesome/font-awesome.min.css
Mon, 12 Nov 2018 11:38:49 log.py[line:228] WARNING Not Found: /static/css/base/base.css
Mon, 12 Nov 2018 11:38:49 log.py[line:228] WARNING Not Found: /static/js/foundation/jquery.min.js
Mon, 12 Nov 2018 11:38:49 log.py[line:228] WARNING Not Found: /static/js/foundation/foundation.min.js
Mon, 12 Nov 2018 11:38:49 log.py[line:228] WARNING Not Found: /static/js/foundation/what-input.js
Mon, 12 Nov 2018 11:38:49 log.py[line:228] WARNING Not Found: /static/js/base/base.js
Mon, 12 Nov 2018 11:38:49 log.py[line:228] WARNING Not Found: /static/js/foundation/jquery.min.js
Mon, 12 Nov 2018 11:38:49 log.py[line:228] WARNING Not Found: /static/js/foundation/foundation.min.js
Mon, 12 Nov 2018 11:38:49 log.py[line:228] WARNING Not Found: /static/js/foundation/what-input.js
Mon, 12 Nov 2018 11:38:49 log.py[line:228] WARNING Not Found: /static/js/base/base.js
